<?xml version="1.0" encoding="UTF-8"?>
<testsuites name="New Test Suite" time="35" tests="3" failures="0" errors="0">
   <testsuite name="New Test Suite" tests="3" failures="0" errors="0" time="35" timestamp="2018-05-07 14:15:17" hostname="chengx - DESKTOP-NGDSH7O" id="Test Suites/New Test Suite">
      <properties>
         <property name="deviceName" value=""/>
         <property name="devicePlatform" value=""/>
         <property name="logFolder" value="C:\\Users\\chengx\\Katalon Studio\\gaoyou\\Reports\\New Test Suite\\20180507_141514"/>
         <property name="logFiles" value="C:\\Users\\chengx\\Katalon Studio\\gaoyou\\Reports\\New Test Suite\\20180507_141514\\execution0.log"/>
         <property name="attachments" value=""/>
         <property name="hostName" value="chengx - DESKTOP-NGDSH7O"/>
         <property name="os" value="Windows 10 64bit"/>
         <property name="katalonVersion" value="5.3.1.1"/>
         <property name="browser" value="Chrome 66.0.3359.117"/>
         <property name="hostAddress" value="10.17.11.225"/>
         <property name="sessionId" value="d8b21c3991fd923a1c75e0dd07a038a6"/>
         <property name="seleniumVersion" value="3.7.1"/>
         <property name="proxyInformation" value="ProxyInformation{proxyOption=NO_PROXY, proxyServerType=HTTP, password=, proxyServerAddress=, proxyServerPort=0}"/>
         <property name="platform" value="Windows 10"/>
      </properties>
      <testcase name="Test Cases/login" classname="Test Cases/login" status="PASSED">
         <system-out><![CDATA[2018-05-07 14:15:18 - [TEST_CASE][PASSED] - Test Cases/login: Invoke 'com.kms.katalon.core.annotation.AfterTestCase' method: 'NewTestListener.sampleAfterTestCase(...)' completed.

2018-05-07 14:15:18 - [TEST_STEP][PASSED] - openBrowser: Browser is opened with url: 'http://zhld.sihenggroup.com/#/login'

2018-05-07 14:15:28 - [MESSAGE][PASSED] - Browser is opened with url: 'http://zhld.sihenggroup.com/#/login'

2018-05-07 14:15:28 - [TEST_STEP][PASSED] - setText: Text 'admin' is set on object 'Object Repository/LoginPage/user'

2018-05-07 14:15:28 - [MESSAGE][PASSED] - Text 'admin' is set on object 'Object Repository/LoginPage/user'

2018-05-07 14:15:28 - [TEST_STEP][PASSED] - setText: Text '123456' is set on object 'Object Repository/LoginPage/pwd'

2018-05-07 14:15:29 - [MESSAGE][PASSED] - Text '123456' is set on object 'Object Repository/LoginPage/pwd'

2018-05-07 14:15:29 - [TEST_STEP][PASSED] - click: Object: 'Object Repository/LoginPage/button' is clicked on

2018-05-07 14:15:29 - [MESSAGE][PASSED] - Object: 'Object Repository/LoginPage/button' is clicked on

2018-05-07 14:15:29 - [TEST_STEP][PASSED] - maximizeWindow: Current window maximized

2018-05-07 14:15:30 - [MESSAGE][PASSED] - Current window maximized

2018-05-07 14:15:30 - [TEST_STEP][PASSED] - Start listener action : sampleAfterTestCase: Invoke 'com.kms.katalon.core.annotation.AfterTestCase' method: 'NewTestListener.sampleAfterTestCase(...)' completed.

2018-05-07 14:15:30 - [TEST_STEP][PASSED] - Statement - println(testCaseContext.getTestCaseId()): null

2018-05-07 14:15:30 - [TEST_STEP][PASSED] - Statement - println(testCaseContext.getTestCaseStatus()): Invoke 'com.kms.katalon.core.annotation.AfterTestCase' method: 'NewTestListener.sampleAfterTestCase(...)' completed.]]></system-out>
         <system-err><![CDATA[]]></system-err>
      </testcase>
      <testcase name="Test Cases/login" classname="Test Cases/login" status="PASSED">
         <system-out><![CDATA[2018-05-07 14:15:30 - [TEST_CASE][PASSED] - Test Cases/login: Invoke 'com.kms.katalon.core.annotation.AfterTestCase' method: 'NewTestListener.sampleAfterTestCase(...)' completed.

2018-05-07 14:15:30 - [TEST_STEP][PASSED] - openBrowser: Browser is opened with url: 'http://zhld.sihenggroup.com/#/login'

2018-05-07 14:15:30 - [MESSAGE][WARNING] - A browser is already opened. Closing browser and opening a new one

2018-05-07 14:15:39 - [MESSAGE][PASSED] - Browser is opened with url: 'http://zhld.sihenggroup.com/#/login'

2018-05-07 14:15:39 - [TEST_STEP][PASSED] - setText: Text 'admin' is set on object 'Object Repository/LoginPage/user'

2018-05-07 14:15:39 - [MESSAGE][PASSED] - Text 'admin' is set on object 'Object Repository/LoginPage/user'

2018-05-07 14:15:39 - [TEST_STEP][PASSED] - setText: Text '1234' is set on object 'Object Repository/LoginPage/pwd'

2018-05-07 14:15:39 - [MESSAGE][PASSED] - Text '1234' is set on object 'Object Repository/LoginPage/pwd'

2018-05-07 14:15:39 - [TEST_STEP][PASSED] - click: Object: 'Object Repository/LoginPage/button' is clicked on

2018-05-07 14:15:40 - [MESSAGE][PASSED] - Object: 'Object Repository/LoginPage/button' is clicked on

2018-05-07 14:15:40 - [TEST_STEP][PASSED] - maximizeWindow: Current window maximized

2018-05-07 14:15:41 - [MESSAGE][PASSED] - Current window maximized

2018-05-07 14:15:41 - [TEST_STEP][PASSED] - Start listener action : sampleAfterTestCase: Invoke 'com.kms.katalon.core.annotation.AfterTestCase' method: 'NewTestListener.sampleAfterTestCase(...)' completed.

2018-05-07 14:15:41 - [TEST_STEP][PASSED] - Statement - println(testCaseContext.getTestCaseId()): null

2018-05-07 14:15:41 - [TEST_STEP][PASSED] - Statement - println(testCaseContext.getTestCaseStatus()): Invoke 'com.kms.katalon.core.annotation.AfterTestCase' method: 'NewTestListener.sampleAfterTestCase(...)' completed.]]></system-out>
         <system-err><![CDATA[]]></system-err>
      </testcase>
      <testcase name="Test Cases/login" classname="Test Cases/login" status="PASSED">
         <system-out><![CDATA[2018-05-07 14:15:41 - [TEST_CASE][PASSED] - Test Cases/login: Invoke 'com.kms.katalon.core.annotation.AfterTestCase' method: 'NewTestListener.sampleAfterTestCase(...)' completed.

2018-05-07 14:15:41 - [TEST_STEP][PASSED] - openBrowser: Browser is opened with url: 'http://zhld.sihenggroup.com/#/login'

2018-05-07 14:15:41 - [MESSAGE][WARNING] - A browser is already opened. Closing browser and opening a new one

2018-05-07 14:15:50 - [MESSAGE][PASSED] - Browser is opened with url: 'http://zhld.sihenggroup.com/#/login'

2018-05-07 14:15:50 - [TEST_STEP][PASSED] - setText: Text '' is set on object 'Object Repository/LoginPage/user'

2018-05-07 14:15:50 - [MESSAGE][PASSED] - Text '' is set on object 'Object Repository/LoginPage/user'

2018-05-07 14:15:50 - [TEST_STEP][PASSED] - setText: Text '123456' is set on object 'Object Repository/LoginPage/pwd'

2018-05-07 14:15:50 - [MESSAGE][PASSED] - Text '123456' is set on object 'Object Repository/LoginPage/pwd'

2018-05-07 14:15:50 - [TEST_STEP][PASSED] - click: Object: 'Object Repository/LoginPage/button' is clicked on

2018-05-07 14:15:50 - [MESSAGE][PASSED] - Object: 'Object Repository/LoginPage/button' is clicked on

2018-05-07 14:15:50 - [TEST_STEP][PASSED] - maximizeWindow: Current window maximized

2018-05-07 14:15:51 - [MESSAGE][PASSED] - Current window maximized

2018-05-07 14:15:51 - [TEST_STEP][PASSED] - Start listener action : sampleAfterTestCase: Invoke 'com.kms.katalon.core.annotation.AfterTestCase' method: 'NewTestListener.sampleAfterTestCase(...)' completed.

2018-05-07 14:15:51 - [TEST_STEP][PASSED] - Statement - println(testCaseContext.getTestCaseId()): null

2018-05-07 14:15:51 - [TEST_STEP][PASSED] - Statement - println(testCaseContext.getTestCaseStatus()): Invoke 'com.kms.katalon.core.annotation.AfterTestCase' method: 'NewTestListener.sampleAfterTestCase(...)' completed.]]></system-out>
         <system-err><![CDATA[]]></system-err>
      </testcase>
      <system-out><![CDATA[2018-05-07 14:15:17 - [TEST_SUITE][PASSED] - New Test Suite: Invoke 'com.kms.katalon.core.annotation.AfterTestCase' method: 'NewTestListener.sampleAfterTestCase(...)' completed.]]></system-out>
      <system-err><![CDATA[]]></system-err>
   </testsuite>
</testsuites>
